<?xml version="1.0" encoding="UTF-8" standalone="no"?>
<!DOCTYPE log SYSTEM "logger.dtd">
<log>
<record>
  <date>2019-08-29T14:24:56.888-0300</date>
  <logger>LEONARDO VEIGA DE MEDEIROS PORFIRIO</logger>
  <level>FINE</level>
  <message>File 118110414-LEONARDO VEIGA DE MEDEIROS PORFIRIO.zip was received. It was sent by LEONARDO VEIGA DE MEDEIROS PORFIRIO from IP 150.165.42.134 at 29-08-2019 14*24*56</message>
</record>
</log>
<?xml version="1.0" encoding="UTF-8" standalone="no"?>
<!DOCTYPE log SYSTEM "logger.dtd">
<log>
<record>
  <date>2019-08-29T23:55:43.012-0300</date>
  <logger>LEONARDO VEIGA DE MEDEIROS PORFIRIO</logger>
  <level>FINE</level>
  <message>File 118110414-LEONARDO VEIGA DE MEDEIROS PORFIRIO.zip was received. It was sent by LEONARDO VEIGA DE MEDEIROS PORFIRIO from IP 192.168.0.101 at 29-08-2019 23*55*42</message>
</record>
</log>
<?xml version="1.0" encoding="UTF-8" standalone="no"?>
<!DOCTYPE log SYSTEM "logger.dtd">
<log>
<record>
  <date>2019-09-02T15:06:35.257-0300</date>
  <logger>LEONARDO VEIGA DE MEDEIROS PORFIRIO</logger>
  <level>FINE</level>
  <message>File 118110414-LEONARDO VEIGA DE MEDEIROS PORFIRIO.zip was received. It was sent by LEONARDO VEIGA DE MEDEIROS PORFIRIO from IP 192.168.0.103 at 02-09-2019 15*06*35</message>
</record>
</log>
<?xml version="1.0" encoding="UTF-8" standalone="no"?>
<!DOCTYPE log SYSTEM "logger.dtd">
<log>
<record>
  <date>2019-09-02T15:33:55.803-0300</date>
  <logger>LEONARDO VEIGA DE MEDEIROS PORFIRIO</logger>
  <level>FINE</level>
  <message>File 118110414-LEONARDO VEIGA DE MEDEIROS PORFIRIO.zip was received. It was sent by LEONARDO VEIGA DE MEDEIROS PORFIRIO from IP 192.168.0.103 at 02-09-2019 15*33*55</message>
</record>
</log>
<?xml version="1.0" encoding="UTF-8" standalone="no"?>
<!DOCTYPE log SYSTEM "logger.dtd">
<log>
<record>
  <date>2019-09-02T17:01:08.022-0300</date>
  <logger>LEONARDO VEIGA DE MEDEIROS PORFIRIO</logger>
  <level>FINE</level>
  <message>File 118110414-LEONARDO VEIGA DE MEDEIROS PORFIRIO.zip was received. It was sent by LEONARDO VEIGA DE MEDEIROS PORFIRIO from IP 150.165.42.187 at 02-09-2019 17*01*07</message>
</record>
</log>
<?xml version="1.0" encoding="UTF-8" standalone="no"?>
<!DOCTYPE log SYSTEM "logger.dtd">
<log>
<record>
  <date>2019-09-02T17:02:23.369-0300</date>
  <logger>LEONARDO VEIGA DE MEDEIROS PORFIRIO</logger>
  <level>FINE</level>
  <message>File 118110414-LEONARDO VEIGA DE MEDEIROS PORFIRIO.zip was received. It was sent by LEONARDO VEIGA DE MEDEIROS PORFIRIO from IP 150.165.42.187 at 02-09-2019 17*02*23</message>
</record>
</log>
<?xml version="1.0" encoding="UTF-8" standalone="no"?>
<!DOCTYPE log SYSTEM "logger.dtd">
<log>
<record>
  <date>2019-09-02T23:51:51.264-0300</date>
  <logger>LEONARDO VEIGA DE MEDEIROS PORFIRIO</logger>
  <level>FINE</level>
  <message>File 118110414-LEONARDO VEIGA DE MEDEIROS PORFIRIO.zip was received. It was sent by LEONARDO VEIGA DE MEDEIROS PORFIRIO from IP 192.168.0.103 at 02-09-2019 23*51*51</message>
</record>
